Resource Usage Report
Part: lfxp2_5e-6

Register bits: 314 of 4752 (7%)
PIC Latch:       0
I/O cells:       40

Details:
CCU2B:          31
FD1P3AX:        44
FD1P3BX:        33
FD1P3DX:        191
FD1P3IX:        1
FD1S3AX:        1
FD1S3BX:        1
FD1S3DX:        38
FD1S3IX:        4
GSR:            1
IB:             3
IFS1P3IX:       1
INV:            12
L6MUX21:        1
OB:             37
ORCALUT4:       448
PFUMX:          4
PUR:            1
VHI:            10
VLO:            11
