
synpwrap -msg -prj "UART_Hardware_impl1_synplify.tcl" -log "UART_Hardware_impl1.srf"
Copyright (C) 1992-2020 Lattice Semiconductor Corporation. All rights reserved.
Lattice Diamond Version 3.12.0.240.2
    <postMsg mid="2011000" type="Info"    dynamic="0" navigation="0"  />

==contents of UART_Hardware_impl1.srf
#Build: Synplify Pro (R) Q-2020.03L-SP1, Build 182R, Oct 29 2020
#install: C:\lscc\diamond\3.12\synpbase
#OS: Windows 8 6.2
#Hostname: RD-LAPTOP

# Thu Apr 28 17:09:58 2022

#Implementation: impl1


Copyright (C) 1994-2020 Synopsys, Inc.
This Synopsys software and all associated documentation are proprietary to Synopsys, Inc.
and may only be used pursuant to the terms and conditions of a written license agreement
with Synopsys, Inc. All other use, reproduction, modification, or distribution of the
Synopsys software or the associated documentation is strictly prohibited.
Tool: Synplify Pro (R)
Build: Q-2020.03L-SP1
Install: C:\lscc\diamond\3.12\synpbase
OS: Windows 6.2

Hostname: RD-LAPTOP

Implementation : impl1
Synopsys HDL Compiler, Version comp202003synp2, Build 182R, Built Oct 29 2020 10:49:53, @

@N|Running in 64-bit mode
###########################################################[

Copyright (C) 1994-2020 Synopsys, Inc.
This Synopsys software and all associated documentation are proprietary to Synopsys, Inc.
and may only be used pursuant to the terms and conditions of a written license agreement
with Synopsys, Inc. All other use, reproduction, modification, or distribution of the
Synopsys software or the associated documentation is strictly prohibited.
Tool: Synplify Pro (R)
Build: Q-2020.03L-SP1
Install: C:\lscc\diamond\3.12\synpbase
OS: Windows 6.2

Hostname: RD-LAPTOP

Implementation : impl1
Synopsys Verilog Compiler, Version comp202003synp2, Build 182R, Built Oct 29 2020 10:49:53, @

@N|Running in 64-bit mode
@I::"C:\lscc\diamond\3.12\synpbase\lib\lucent\xp2.v" (library work)
@I::"C:\lscc\diamond\3.12\synpbase\lib\lucent\pmi_def.v" (library work)
@I::"C:\lscc\diamond\3.12\synpbase\lib\vlog\hypermods.v" (library __hyper__lib__)
@I::"C:\lscc\diamond\3.12\synpbase\lib\vlog\umr_capim.v" (library snps_haps)
@I::"C:\lscc\diamond\3.12\synpbase\lib\vlog\scemi_objects.v" (library snps_haps)
@I::"C:\lscc\diamond\3.12\synpbase\lib\vlog\scemi_pipes.svh" (library snps_haps)
@I::"C:\Users\reeve\git\EEE5117,8Z\Projects\UART_Hardware\UART.v" (library work)
@I::"C:\Users\reeve\git\EEE5117,8Z\Projects\UART_Hardware\UART_Transceive.v" (library work)
@E: CS219 :"C:\Users\reeve\git\EEE5117,8Z\Projects\UART_Hardware\UART_Transceive.v":1:0:1:2|Expecting one of the keywords module, primitive or macromodule
1 syntax errors
Process took 0h:00m:01s realtime, 0h:00m:01s cputime
# Thu Apr 28 17:09:58 2022

###########################################################]
@END
Process took 0h:00m:01s realtime, 0h:00m:01s cputime
# Thu Apr 28 17:09:58 2022

###########################################################]


Synthesis exit by 9.
