C:\lscc\diamond\3.12\synpbase\bin64\c_hdl.exe  -osyn  C:\Users\reeve\git\UCT-FPGA-Course-2022\Projects\Counter\impl1\synwork\Counter_impl1_comp.srs  -top  Counter  -hdllog  C:\Users\reeve\git\UCT-FPGA-Course-2022\Projects\Counter\impl1\synlog\Counter_impl1_compiler.srr  -encrypt  -mp  1  -verification_mode 0  -verilog  -prodtype  synplify_pro  -fixsmult -infer_seqShift -nram -sdff_counter -divnmod -nostructver   -I C:\Users\reeve\git\UCT-FPGA-Course-2022\Projects\Counter  -I C:\Users\reeve\git\UCT-FPGA-Course-2022\Projects\Counter\impl1\  -I C:\lscc\diamond\3.12\synpbase\lib   -sysv  -devicelib  C:\lscc\diamond\3.12\synpbase\lib\lucent\xp2.v  -devicelib  C:\lscc\diamond\3.12\synpbase\lib\lucent\pmi_def.v  -encrypt  -pro  -dmgen  C:\Users\reeve\git\UCT-FPGA-Course-2022\Projects\Counter\impl1\dm  -ui -fid2 -ram -sharing on -ll 2000 -autosm  -D_MULTIPLE_FILE_COMPILATION_UNIT_  -lib work -fv2001 C:\Users\reeve\git\UCT-FPGA-Course-2022\Projects\Counter\FIFO.v -lib work -fsysv C:\Users\reeve\git\UCT-FPGA-Course-2022\Projects\Counter\Structures.v -lib work -fsysv C:\Users\reeve\git\UCT-FPGA-Course-2022\Projects\Counter\Registers.v -lib work -fsysv C:\Users\reeve\git\UCT-FPGA-Course-2022\Projects\Counter\UART.v -lib work -fsysv C:\Users\reeve\git\UCT-FPGA-Course-2022\Projects\Counter\UART_Packets.v -lib work -fsysv C:\Users\reeve\git\UCT-FPGA-Course-2022\Projects\Counter\Controller.v -lib work -fsysv C:\Users\reeve\git\UCT-FPGA-Course-2022\Projects\Counter\Streamer.v -lib work -fsysv C:\Users\reeve\git\UCT-FPGA-Course-2022\Projects\Counter\Counter.v  -jobname  "compiler" 
relcom:..\..\..\..\..\..\..\..\lscc\diamond\3.12\synpbase\bin64\c_hdl.exe -osyn ..\synwork\Counter_impl1_comp.srs -top Counter -hdllog ..\synlog\Counter_impl1_compiler.srr -encrypt -mp 1 -verification_mode 0 -verilog -prodtype synplify_pro -fixsmult -infer_seqShift -nram -sdff_counter -divnmod -nostructver -I ..\..\..\Counter -I ..\ -I ..\..\..\..\..\..\..\..\lscc\diamond\3.12\synpbase\lib -sysv -devicelib ..\..\..\..\..\..\..\..\lscc\diamond\3.12\synpbase\lib\lucent\xp2.v -devicelib ..\..\..\..\..\..\..\..\lscc\diamond\3.12\synpbase\lib\lucent\pmi_def.v -encrypt -pro -dmgen ..\dm -ui -fid2 -ram -sharing on -ll 2000 -autosm -D_MULTIPLE_FILE_COMPILATION_UNIT_ -lib work -fv2001 ..\..\FIFO.v -lib work -fsysv ..\..\Structures.v -lib work -fsysv ..\..\Registers.v -lib work -fsysv ..\..\UART.v -lib work -fsysv ..\..\UART_Packets.v -lib work -fsysv ..\..\Controller.v -lib work -fsysv ..\..\Streamer.v -lib work -fsysv ..\..\Counter.v -jobname "compiler"
rc:0 success:1 runtime:8
file:..\synwork\Counter_impl1_comp.srs|io:o|time:1658148619|size:35212|exec:0|csum:
file:..\synlog\Counter_impl1_compiler.srr|io:o|time:1658148619|size:24820|exec:0|csum:
file:..\..\..\..\..\..\..\..\lscc\diamond\3.12\synpbase\lib\lucent\xp2.v|io:i|time:1603959654|size:89401|exec:0|csum:DEA28C1C674D46F9EEC2444777ADDD91
file:..\..\..\..\..\..\..\..\lscc\diamond\3.12\synpbase\lib\lucent\pmi_def.v|io:i|time:1603959654|size:40584|exec:0|csum:62845CEC2BB6FEBE1BA059B1E18015F4
file:.\-fv2001|io:i|time:0|size:-1|exec:0|csum:
file:..\..\FIFO.v|io:i|time:1658145771|size:19681|exec:0|csum:CF4E8109FBF4FD0729212F66096F14F2
file:.\-fsysv|io:i|time:0|size:-1|exec:0|csum:
file:..\..\Structures.v|io:i|time:1658111320|size:639|exec:0|csum:EF621BC844C7C7C86F05E63B22234FF6
file:.\-fsysv|io:i|time:0|size:-1|exec:0|csum:
file:..\..\Registers.v|io:i|time:1658127932|size:1595|exec:0|csum:E57380D0A20E269BC5B83475F8DBAE39
file:.\-fsysv|io:i|time:0|size:-1|exec:0|csum:
file:..\..\UART.v|io:i|time:1657723536|size:3483|exec:0|csum:E88788C077D9157420EBF9411E39F8E8
file:.\-fsysv|io:i|time:0|size:-1|exec:0|csum:
file:..\..\UART_Packets.v|io:i|time:1658127780|size:5817|exec:0|csum:F8508470C260E125991C4C1E17165947
file:.\-fsysv|io:i|time:0|size:-1|exec:0|csum:
file:..\..\Controller.v|io:i|time:1658143175|size:2680|exec:0|csum:31DE12E59EBC41CFF7EA2F2A1531EF73
file:.\-fsysv|io:i|time:0|size:-1|exec:0|csum:
file:..\..\Streamer.v|io:i|time:1658148256|size:2209|exec:0|csum:78FB6A71B49FEEBC8FEB8ABC44E36113
file:.\-fsysv|io:i|time:0|size:-1|exec:0|csum:
file:..\..\Counter.v|io:i|time:1658148604|size:1567|exec:0|csum:7908819B92B21478DE7D44C3999D9803
file:..\..\..\..\..\..\..\..\lscc\diamond\3.12\synpbase\bin64\c_hdl.exe|io:i|time:1603959522|size:5736448|exec:1|csum:F3379711CDC83CA310869A1D9BD9BABE
