
synpwrap -msg -prj "Counter_impl1_synplify.tcl" -log "Counter_impl1.srf"
Copyright (C) 1992-2020 Lattice Semiconductor Corporation. All rights reserved.
Lattice Diamond Version 3.12.0.240.2
    <postMsg mid="2011000" type="Info"    dynamic="0" navigation="0"  />

==contents of Counter_impl1.srf
#Build: Synplify Pro (R) Q-2020.03L-SP1, Build 182R, Oct 29 2020
#install: C:\lscc\diamond\3.12\synpbase
#OS: Windows 8 6.2
#Hostname: RD-LAPTOP

# Fri Apr 29 13:14:07 2022

#Implementation: impl1


Copyright (C) 1994-2020 Synopsys, Inc.
This Synopsys software and all associated documentation are proprietary to Synopsys, Inc.
and may only be used pursuant to the terms and conditions of a written license agreement
with Synopsys, Inc. All other use, reproduction, modification, or distribution of the
Synopsys software or the associated documentation is strictly prohibited.
Tool: Synplify Pro (R)
Build: Q-2020.03L-SP1
Install: C:\lscc\diamond\3.12\synpbase
OS: Windows 6.2

Hostname: RD-LAPTOP

Implementation : impl1
Synopsys HDL Compiler, Version comp202003synp2, Build 182R, Built Oct 29 2020 10:49:53, @

@N|Running in 64-bit mode
###########################################################[

Copyright (C) 1994-2020 Synopsys, Inc.
This Synopsys software and all associated documentation are proprietary to Synopsys, Inc.
and may only be used pursuant to the terms and conditions of a written license agreement
with Synopsys, Inc. All other use, reproduction, modification, or distribution of the
Synopsys software or the associated documentation is strictly prohibited.
Tool: Synplify Pro (R)
Build: Q-2020.03L-SP1
Install: C:\lscc\diamond\3.12\synpbase
OS: Windows 6.2

Hostname: RD-LAPTOP

Implementation : impl1
Synopsys Verilog Compiler, Version comp202003synp2, Build 182R, Built Oct 29 2020 10:49:53, @

@N|Running in 64-bit mode
@N: CG1349 :	| Running Verilog Compiler in System Verilog mode

@N: CG1350 :	| Running Verilog Compiler in Multiple File Compilation Unit mode

@I::"C:\lscc\diamond\3.12\synpbase\lib\lucent\xp2.v" (library work)
@I::"C:\lscc\diamond\3.12\synpbase\lib\lucent\pmi_def.v" (library work)
@I::"C:\lscc\diamond\3.12\synpbase\lib\vlog\hypermods.v" (library __hyper__lib__)
@I::"C:\lscc\diamond\3.12\synpbase\lib\vlog\umr_capim.v" (library snps_haps)
@I::"C:\lscc\diamond\3.12\synpbase\lib\vlog\scemi_objects.v" (library snps_haps)
@I::"C:\lscc\diamond\3.12\synpbase\lib\vlog\scemi_pipes.svh" (library snps_haps)
@I::"C:\Users\reeve\git\EEE5117,8Z\Projects\Counter\Counter.v" (library work)
@I::"C:\Users\reeve\git\EEE5117,8Z\Projects\Counter\UART.v" (library work)
Verilog syntax check successful!

Compiler output is up to date.  No re-compile necessary

Selecting top level module Counter
@N: CG364 :"C:\Users\reeve\git\EEE5117,8Z\Projects\Counter\UART.v":19:7:19:10|Synthesizing module UART in library work.
Running optimization stage 1 on UART .......
@N: CG364 :"C:\Users\reeve\git\EEE5117,8Z\Projects\Counter\Counter.v":1:7:1:13|Synthesizing module Counter in library work.
Running optimization stage 1 on Counter .......
Running optimization stage 2 on Counter .......
Running optimization stage 2 on UART .......

For a summary of runtime and memory usage per design unit, please see file:
==========================================================
@L: C:\Users\reeve\git\EEE5117,8Z\Projects\Counter\impl1\synwork\layer0.rt.csv


At c_ver Exit (Real Time elapsed 0h:00m:00s; CPU Time elapsed 0h:00m:00s; Memory used current: 90MB peak: 91MB)

Process took 0h:00m:01s realtime, 0h:00m:01s cputime

Process completed successfully.
# Fri Apr 29 13:14:07 2022

###########################################################]
###########################################################[

Copyright (C) 1994-2020 Synopsys, Inc.
This Synopsys software and all associated documentation are proprietary to Synopsys, Inc.
and may only be used pursuant to the terms and conditions of a written license agreement
with Synopsys, Inc. All other use, reproduction, modification, or distribution of the
Synopsys software or the associated documentation is strictly prohibited.
Tool: Synplify Pro (R)
Build: Q-2020.03L-SP1
Install: C:\lscc\diamond\3.12\synpbase
OS: Windows 6.2

Hostname: RD-LAPTOP

Implementation : impl1
Synopsys Synopsys Netlist Linker, Version comp202003synp2, Build 182R, Built Oct 29 2020 10:49:53, @

@N|Running in 64-bit mode

At syn_nfilter Exit (Real Time elapsed 0h:00m:00s; CPU Time elapsed 0h:00m:00s; Memory used current: 90MB peak: 90MB)

Process took 0h:00m:01s realtime, 0h:00m:01s cputime

Process completed successfully.
# Fri Apr 29 13:14:07 2022

###########################################################]

For a summary of runtime and memory usage for all design units, please see file:
==========================================================
@L: C:\Users\reeve\git\EEE5117,8Z\Projects\Counter\impl1\synwork\Counter_impl1_comp.rt.csv

@END

At c_hdl Exit (Real Time elapsed 0h:00m:00s; CPU Time elapsed 0h:00m:00s; Memory used current: 23MB peak: 23MB)

Process took 0h:00m:01s realtime, 0h:00m:01s cputime

Process completed successfully.
# Fri Apr 29 13:14:07 2022

###########################################################]
###########################################################[

Copyright (C) 1994-2020 Synopsys, Inc.
This Synopsys software and all associated documentation are proprietary to Synopsys, Inc.
and may only be used pursuant to the terms and conditions of a written license agreement
with Synopsys, Inc. All other use, reproduction, modification, or distribution of the
Synopsys software or the associated documentation is strictly prohibited.
Tool: Synplify Pro (R)
Build: Q-2020.03L-SP1
Install: C:\lscc\diamond\3.12\synpbase
OS: Windows 6.2

Hostname: RD-LAPTOP

Implementation : impl1
Synopsys Synopsys Netlist Linker, Version comp202003synp2, Build 182R, Built Oct 29 2020 10:49:53, @

@N|Running in 64-bit mode
File C:\Users\reeve\git\EEE5117,8Z\Projects\Counter\impl1\synwork\Counter_impl1_comp.srs changed - recompiling

At syn_nfilter Exit (Real Time elapsed 0h:00m:00s; CPU Time elapsed 0h:00m:00s; Memory used current: 90MB peak: 91MB)

Process took 0h:00m:01s realtime, 0h:00m:01s cputime

Process completed successfully.
# Fri Apr 29 13:14:09 2022

###########################################################]
Premap Report

# Fri Apr 29 13:14:09 2022


Copyright (C) 1994-2020 Synopsys, Inc.
This Synopsys software and all associated documentation are proprietary to Synopsys, Inc.
and may only be used pursuant to the terms and conditions of a written license agreement
with Synopsys, Inc. All other use, reproduction, modification, or distribution of the
Synopsys software or the associated documentation is strictly prohibited.
Tool: Synplify Pro (R)
Build: Q-2020.03L-SP1
Install: C:\lscc\diamond\3.12\synpbase
OS: Windows 6.2

Hostname: RD-LAPTOP

Implementation : impl1
Synopsys Lattice Technology Pre-mapping, Version map202003lat, Build 172R, Built Nov  2 2020 09:31:45, @


Mapper Startup Complete (Real Time elapsed 0h:00m:00s; CPU Time elapsed 0h:00m:00s; Memory used current: 117MB peak: 117MB)

Reading constraint file: C:\Users\reeve\git\EEE5117,8Z\Projects\Counter\Counter.fdc
@W: derive_clock_uncertainty  not supported.
@W:"c:/users/reeve/git/eee5117,8z/projects/counter/counter.fdc":6:0:6:0|Duplicate parameter "-syn_tdm" and "-disable" for param "-". Check if any short form of the parameter is specified. This could cause incorrect CC result. Constraint will be disabled.
@W:"c:/users/reeve/git/eee5117,8z/projects/counter/counter.fdc":7:0:7:0|Duplicate parameter "-syn_tdm" and "-disable" for param "-". Check if any short form of the parameter is specified. This could cause incorrect CC result. Constraint will be disabled.
@W:"c:/users/reeve/git/eee5117,8z/projects/counter/counter.fdc":8:0:8:0|Duplicate parameter "-syn_tdm" and "-disable" for param "-". Check if any short form of the parameter is specified. This could cause incorrect CC result. Constraint will be disabled.
@W:"c:/users/reeve/git/eee5117,8z/projects/counter/counter.fdc":9:0:9:0|Duplicate parameter "-syn_tdm" and "-disable" for param "-". Check if any short form of the parameter is specified. This could cause incorrect CC result. Constraint will be disabled.
@L: C:\Users\reeve\git\EEE5117,8Z\Projects\Counter\impl1\Counter_impl1_scck.rpt 
@W: MF499 |Found issues with constraints. Check report file C:\Users\reeve\git\EEE5117,8Z\Projects\Counter\impl1\Counter_impl1_scck.rpt.
@N: MF916 |Option synthesis_strategy=base is enabled. 
@N: MF248 |Running in 64-bit mode.
@N: MF666 |Clock conversion enabled. (Command "set_option -fix_gated_and_generated_clocks 1" in the project file.)

Design Input Complete (Real Time elapsed 0h:00m:00s; CPU Time elapsed 0h:00m:00s; Memory used current: 127MB peak: 128MB)


Mapper Initialization Complete (Real Time elapsed 0h:00m:00s; CPU Time elapsed 0h:00m:00s; Memory used current: 127MB peak: 128MB)


Start loading timing files (Real Time elapsed 0h:00m:00s; CPU Time elapsed 0h:00m:00s; Memory used current: 138MB peak: 138MB)


Finished loading timing files (Real Time elapsed 0h:00m:00s; CPU Time elapsed 0h:00m:00s; Memory used current: 138MB peak: 140MB)


Starting clock optimization phase (Real Time elapsed 0h:00m:00s; CPU Time elapsed 0h:00m:00s; Memory used current: 170MB peak: 170MB)


Finished clock optimization phase (Real Time elapsed 0h:00m:00s; CPU Time elapsed 0h:00m:00s; Memory used current: 170MB peak: 170MB)


Starting clock optimization report phase (Real Time elapsed 0h:00m:00s; CPU Time elapsed 0h:00m:00s; Memory used current: 170MB peak: 171MB)


Finished clock optimization report phase (Real Time elapsed 0h:00m:00s; CPU Time elapsed 0h:00m:00s; Memory used current: 170MB peak: 171MB)

@N: FX1184 |Applying syn_allowed_resources blockrams=9 on top level netlist Counter 

Finished netlist restructuring (Real Time elapsed 0h:00m:00s; CPU Time elapsed 0h:00m:00s; Memory used current: 170MB peak: 171MB)



Clock Summary
******************

          Start     Requested     Requested     Clock        Clock                Clock
Level     Clock     Frequency     Period        Type         Group                Load 
---------------------------------------------------------------------------------------
0 -       ipClk     50.0 MHz      20.000        declared     default_clkgroup     70   
=======================================================================================



Clock Load Summary
***********************

          Clock     Source          Clock Pin         Non-clock Pin     Non-clock Pin
Clock     Load      Pin             Seq Example       Seq Example       Comb Example 
-------------------------------------------------------------------------------------
ipClk     70        ipClk(port)     UART_TxSend.C     -                 -            
=====================================================================================

ICG Latch Removal Summary:
Number of ICG latches removed: 0
Number of ICG latches not removed:	0


@S |Clock Optimization Summary



#### START OF PREMAP CLOCK OPTIMIZATION REPORT #####[

1 non-gated/non-generated clock tree(s) driving 70 clock pin(s) of sequential element(s)
0 gated/generated clock tree(s) driving 0 clock pin(s) of sequential element(s)
0 instances converted, 0 sequential instances remain driven by gated/generated clocks

============================ Non-Gated/Non-Generated Clocks ============================
Clock Tree ID     Driving Element     Drive Element Type     Fanout     Sample Instance 
----------------------------------------------------------------------------------------
@KP:ckid0_0       ipClk               port                   70         UART_TxData[7:0]
========================================================================================


##### END OF CLOCK OPTIMIZATION REPORT ######

@N: FX1143 |Skipping assigning INTERNAL_VREF to iobanks, because the table of mapping from pin to iobank is not initialized.
Finished Pre Mapping Phase.

Starting constraint checker (Real Time elapsed 0h:00m:01s; CPU Time elapsed 0h:00m:01s; Memory used current: 171MB peak: 171MB)


Finished constraint checker preprocessing (Real Time elapsed 0h:00m:01s; CPU Time elapsed 0h:00m:01s; Memory used current: 171MB peak: 171MB)

@W: MF511 |Found issues with constraints. Please check constraint checker report "C:\Users\reeve\git\EEE5117,8Z\Projects\Counter\impl1\Counter_impl1_cck.rpt" .

Finished constraint checker (Real Time elapsed 0h:00m:01s; CPU Time elapsed 0h:00m:01s; Memory used current: 172MB peak: 172MB)

Pre-mapping successful!

At Mapper Exit (Real Time elapsed 0h:00m:01s; CPU Time elapsed 0h:00m:01s; Memory used current: 91MB peak: 173MB)

Process took 0h:00m:01s realtime, 0h:00m:01s cputime
# Fri Apr 29 13:14:11 2022

###########################################################]
Map & Optimize Report

# Fri Apr 29 13:14:11 2022


Copyright (C) 1994-2020 Synopsys, Inc.
This Synopsys software and all associated documentation are proprietary to Synopsys, Inc.
and may only be used pursuant to the terms and conditions of a written license agreement
with Synopsys, Inc. All other use, reproduction, modification, or distribution of the
Synopsys software or the associated documentation is strictly prohibited.
Tool: Synplify Pro (R)
Build: Q-2020.03L-SP1
Install: C:\lscc\diamond\3.12\synpbase
OS: Windows 6.2

Hostname: RD-LAPTOP

Implementation : impl1
Synopsys Lattice Technology Mapper, Version map202003lat, Build 172R, Built Nov  2 2020 09:31:45, @


Mapper Startup Complete (Real Time elapsed 0h:00m:00s; CPU Time elapsed 0h:00m:00s; Memory used current: 117MB peak: 117MB)

@N: MF916 |Option synthesis_strategy=base is enabled. 
@N: MF248 |Running in 64-bit mode.
@N: MF666 |Clock conversion enabled. (Command "set_option -fix_gated_and_generated_clocks 1" in the project file.)

Design Input Complete (Real Time elapsed 0h:00m:00s; CPU Time elapsed 0h:00m:00s; Memory used current: 119MB peak: 128MB)


Mapper Initialization Complete (Real Time elapsed 0h:00m:00s; CPU Time elapsed 0h:00m:00s; Memory used current: 119MB peak: 128MB)


Start loading timing files (Real Time elapsed 0h:00m:00s; CPU Time elapsed 0h:00m:00s; Memory used current: 133MB peak: 133MB)


Finished loading timing files (Real Time elapsed 0h:00m:00s; CPU Time elapsed 0h:00m:00s; Memory used current: 134MB peak: 136MB)



Starting Optimization and Mapping (Real Time elapsed 0h:00m:00s; CPU Time elapsed 0h:00m:00s; Memory used current: 167MB peak: 167MB)


Available hyper_sources - for debug and ip models
	None Found


Finished RTL optimizations (Real Time elapsed 0h:00m:00s; CPU Time elapsed 0h:00m:00s; Memory used current: 171MB peak: 171MB)

@W: FX474 |User-specified initial value defined for some sequential elements which can prevent optimum synthesis results from being achieved. 

Starting factoring (Real Time elapsed 0h:00m:00s; CPU Time elapsed 0h:00m:00s; Memory used current: 172MB peak: 172MB)


Finished factoring (Real Time elapsed 0h:00m:00s; CPU Time elapsed 0h:00m:00s; Memory used current: 172MB peak: 173MB)


Finished generic timing optimizations - Pass 1 (Real Time elapsed 0h:00m:01s; CPU Time elapsed 0h:00m:00s; Memory used current: 173MB peak: 173MB)


Starting Early Timing Optimization (Real Time elapsed 0h:00m:01s; CPU Time elapsed 0h:00m:01s; Memory used current: 174MB peak: 174MB)


Finished Early Timing Optimization (Real Time elapsed 0h:00m:01s; CPU Time elapsed 0h:00m:01s; Memory used current: 174MB peak: 174MB)


Finished generic timing optimizations - Pass 2 (Real Time elapsed 0h:00m:01s; CPU Time elapsed 0h:00m:01s; Memory used current: 174MB peak: 174MB)


Finished preparing to map (Real Time elapsed 0h:00m:01s; CPU Time elapsed 0h:00m:01s; Memory used current: 174MB peak: 174MB)


Finished technology mapping (Real Time elapsed 0h:00m:01s; CPU Time elapsed 0h:00m:01s; Memory used current: 176MB peak: 176MB)

Pass		 CPU time		Worst Slack		Luts / Registers
------------------------------------------------------------
   1		0h:00m:01s		    14.71ns		  56 /        70

Finished technology timing optimizations and critical path resynthesis (Real Time elapsed 0h:00m:01s; CPU Time elapsed 0h:00m:01s; Memory used current: 176MB peak: 177MB)

@N: FX164 |The option to pack registers in the IOB has not been specified. Please set syn_useioff attribute.  
@A: BN291 :"c:\users\reeve\git\eee5117,8z\projects\counter\uart.v":42:0:42:5|Boundary register UART_Inst.opTx.fb (in view: work.Counter(verilog)) is packed into a complex cell. To disable register packing, set syn_keep=1 on the net between the register and the complex cell. 

Finished restoring hierarchy (Real Time elapsed 0h:00m:01s; CPU Time elapsed 0h:00m:01s; Memory used current: 176MB peak: 177MB)


Start Writing Netlists (Real Time elapsed 0h:00m:01s; CPU Time elapsed 0h:00m:01s; Memory used current: 143MB peak: 177MB)

Writing Analyst data base C:\Users\reeve\git\EEE5117,8Z\Projects\Counter\impl1\synwork\Counter_impl1_m.srm

Finished Writing Netlist Databases (Real Time elapsed 0h:00m:02s; CPU Time elapsed 0h:00m:02s; Memory used current: 177MB peak: 177MB)

Writing EDIF Netlist and constraint files
@N: FX1056 |Writing EDF file: C:\Users\reeve\git\EEE5117,8Z\Projects\Counter\impl1\Counter_impl1.edi
@N: BW106 |Synplicity Constraint File capacitance units using default value of 1pF 

Finished Writing EDIF Netlist and constraint files (Real Time elapsed 0h:00m:02s; CPU Time elapsed 0h:00m:02s; Memory used current: 181MB peak: 181MB)


Start final timing analysis (Real Time elapsed 0h:00m:02s; CPU Time elapsed 0h:00m:02s; Memory used current: 181MB peak: 182MB)

@N: MT615 |Found clock ipClk with period 20.00ns 


##### START OF TIMING REPORT #####[
# Timing report written on Fri Apr 29 13:14:14 2022
#


Top view:               Counter
Requested Frequency:    50.0 MHz
Wire load mode:         top
Paths requested:        5
Constraint File(s):    C:\Users\reeve\git\EEE5117,8Z\Projects\Counter\Counter.fdc
                       
@N: MT320 |This timing report is an estimate of place and route data. For final timing results, use the FPGA vendor place and route report.

@N: MT322 |Clock constraints include only register-to-register paths associated with each individual clock.



Performance Summary
*******************


Worst slack in design: 14.436

                   Requested     Estimated     Requested     Estimated                Clock        Clock           
Starting Clock     Frequency     Frequency     Period        Period        Slack      Type         Group           
-------------------------------------------------------------------------------------------------------------------
ipClk              50.0 MHz      179.7 MHz     20.000        5.564         14.436     declared     default_clkgroup
===================================================================================================================





Clock Relationships
*******************

Clocks            |    rise  to  rise    |    fall  to  fall   |    rise  to  fall   |    fall  to  rise 
---------------------------------------------------------------------------------------------------------
Starting  Ending  |  constraint  slack   |  constraint  slack  |  constraint  slack  |  constraint  slack
---------------------------------------------------------------------------------------------------------
ipClk     ipClk   |  20.000      14.436  |  No paths    -      |  No paths    -      |  No paths    -    
=========================================================================================================
 Note: 'No paths' indicates there are no paths in the design for that pair of clock edges.
       'Diff grp' indicates that paths exist but the starting clock and ending clock are in different clock groups.



Interface Information 
*********************

No IO constraint found



====================================
Detailed Report for Clock: ipClk
====================================



Starting Points with Worst Slack
********************************

                              Starting                                              Arrival           
Instance                      Reference     Type        Pin     Net                 Time        Slack 
                              Clock                                                                   
------------------------------------------------------------------------------------------------------
UART_Inst.BitsReceived[1]     ipClk         FD1S3AX     Q       BitsReceived[1]     1.067       14.436
UART_Inst.BitsReceived[0]     ipClk         FD1S3AX     Q       BitsReceived[0]     1.035       14.469
UART_Inst.BitsReceived[2]     ipClk         FD1S3AX     Q       BitsReceived[2]     1.035       14.469
UART_Inst.ClkCount[1]         ipClk         FD1S3IX     Q       ClkCount[1]         0.929       14.485
UART_Inst.ClkCount[3]         ipClk         FD1S3AX     Q       ClkCount[3]         0.929       14.485
UART_Inst.ClkCount[4]         ipClk         FD1S3IX     Q       ClkCount[4]         0.929       14.485
UART_Inst.ClkCount[5]         ipClk         FD1S3IX     Q       ClkCount[5]         0.929       14.485
UART_Inst.ClkCount[6]         ipClk         FD1S3AX     Q       ClkCount[6]         0.929       14.485
UART_Inst.ClkCount[7]         ipClk         FD1S3IX     Q       ClkCount[7]         0.929       14.485
UART_Inst.ClkCount[8]         ipClk         FD1S3IX     Q       ClkCount[8]         0.929       14.485
======================================================================================================


Ending Points with Worst Slack
******************************

                              Starting                                                        Required           
Instance                      Reference     Type        Pin     Net                           Time         Slack 
                              Clock                                                                              
-----------------------------------------------------------------------------------------------------------------
UART_Inst.BitsReceived[3]     ipClk         FD1S3AX     D       BitsReceived_7[3]             19.389       14.436
UART_Inst.BitsSent[3]         ipClk         FD1S3AX     D       BitsSent_6[3]                 19.389       14.485
UART_Inst.BitsReceived[1]     ipClk         FD1S3AX     D       un1_BitsReceived_4_axbxc1     19.389       15.191
UART_Inst.BitsReceived[2]     ipClk         FD1S3AX     D       un1_BitsReceived_4_axbxc2     19.389       15.191
UART_Inst.BitsSent[0]         ipClk         FD1S3AX     D       un1_BitsSent_3_axbxc0         19.389       15.239
UART_Inst.BitsSent[1]         ipClk         FD1S3AX     D       BitsSent_6[1]                 19.389       15.239
UART_Inst.BitsSent[2]         ipClk         FD1S3AX     D       un1_BitsSent_3_axbxc2         19.389       15.239
UART_Inst.opRxValid           ipClk         FD1S3IX     D       fb_0                          19.389       15.417
Count[29]                     ipClk         FD1S3IX     D       un2_Count_cry_29_0_S0         20.069       15.828
Count[30]                     ipClk         FD1S3IX     D       un2_Count_cry_29_0_S1         20.069       15.828
=================================================================================================================



Worst Path Information
***********************


Path information for path number 1: 
      Requested Period:                      20.000
    - Setup time:                            0.611
    + Clock delay at ending point:           0.000 (ideal)
    = Required time:                         19.389

    - Propagation time:                      4.953
    - Clock delay at starting point:         0.000 (ideal)
    = Slack (critical) :                     14.436

    Number of logic level(s):                5
    Starting point:                          UART_Inst.BitsReceived[1] / Q
    Ending point:                            UART_Inst.BitsReceived[3] / D
    The start point is clocked by            ipClk [rising] (rise=0.000 fall=10.000 period=20.000) on pin CK
    The end   point is clocked by            ipClk [rising] (rise=0.000 fall=10.000 period=20.000) on pin CK

Instance / Net                                       Pin      Pin               Arrival     No. of    
Name                                    Type         Name     Dir     Delay     Time        Fan Out(s)
------------------------------------------------------------------------------------------------------
UART_Inst.BitsReceived[1]               FD1S3AX      Q        Out     1.067     1.067 r     -         
BitsReceived[1]                         Net          -        -       -         -           5         
UART_Inst.opRxValid12                   ORCALUT4     B        In      0.000     1.067 r     -         
UART_Inst.opRxValid12                   ORCALUT4     Z        Out     0.933     2.000 f     -         
opRxValid12                             Net          -        -       -         -           4         
UART_Inst.un1_opRxValid14               ORCALUT4     B        In      0.000     2.000 f     -         
UART_Inst.un1_opRxValid14               ORCALUT4     Z        Out     0.892     2.892 r     -         
un1_opRxValid14                         Net          -        -       -         -           3         
UART_Inst.un1_BitsReceived_4_ac0        ORCALUT4     C        In      0.000     2.892 r     -         
UART_Inst.un1_BitsReceived_4_ac0        ORCALUT4     Z        Out     0.892     3.784 r     -         
un1_BitsReceived_4_c1                   Net          -        -       -         -           3         
UART_Inst.un1_BitsReceived_4_axbxc3     ORCALUT4     D        In      0.000     3.784 r     -         
UART_Inst.un1_BitsReceived_4_axbxc3     ORCALUT4     Z        Out     0.754     4.538 r     -         
un1_BitsReceived_4_axbxc3               Net          -        -       -         -           1         
UART_Inst.BitsReceived_7[3]             ORCALUT4     A        In      0.000     4.538 r     -         
UART_Inst.BitsReceived_7[3]             ORCALUT4     Z        Out     0.415     4.953 r     -         
BitsReceived_7[3]                       Net          -        -       -         -           1         
UART_Inst.BitsReceived[3]               FD1S3AX      D        In      0.000     4.953 r     -         
======================================================================================================



##### END OF TIMING REPORT #####]

Timing exceptions that could not be applied

Finished final timing analysis (Real Time elapsed 0h:00m:03s; CPU Time elapsed 0h:00m:02s; Memory used current: 181MB peak: 182MB)


Finished timing report (Real Time elapsed 0h:00m:03s; CPU Time elapsed 0h:00m:03s; Memory used current: 181MB peak: 182MB)

---------------------------------------
Resource Usage Report
Part: lfxp2_5e-6

Register bits: 70 of 4752 (1%)
PIC Latch:       0
I/O cells:       12


Details:
CCU2B:          22
FD1P3AX:        17
FD1P3IX:        1
FD1S3AX:        13
FD1S3IX:        37
GSR:            1
IB:             3
IFS1P3DX:       1
INV:            1
L6MUX21:        1
OB:             9
OFS1P3JX:       1
ORCALUT4:       56
PFUMX:          2
PUR:            1
VHI:            2
VLO:            2
Mapper successful!

At Mapper Exit (Real Time elapsed 0h:00m:03s; CPU Time elapsed 0h:00m:03s; Memory used current: 65MB peak: 182MB)

Process took 0h:00m:03s realtime, 0h:00m:03s cputime
# Fri Apr 29 13:14:14 2022

###########################################################]


Synthesis exit by 0.

edif2ngd  -l "LatticeXP2" -d LFXP2-5E -path "C:/Users/reeve/git/EEE5117,8Z/Projects/Counter/impl1" -path "C:/Users/reeve/git/EEE5117,8Z/Projects/Counter"   "C:/Users/reeve/git/EEE5117,8Z/Projects/Counter/impl1/Counter_impl1.edi" "Counter_impl1.ngo"   
edif2ngd:  version Diamond (64-bit) 3.12.0.240.2

Copyright (c) 1991-1994 by NeoCAD Inc. All rights reserved.
Copyright (c) 1995 AT&T Corp.   All rights reserved.
Copyright (c) 1995-2001 Lucent Technologies Inc.  All rights reserved.
Copyright (c) 2001 Agere Systems   All rights reserved.
Copyright (c) 2002-2020 Lattice Semiconductor Corporation,  All rights reserved.
Writing the design to Counter_impl1.ngo...

Total CPU Time: 0 secs  
Total REAL Time: 0 secs  
Peak Memory Usage: 11 MB


ngdbuild  -a "LatticeXP2" -d LFXP2-5E  -p "C:/lscc/diamond/3.12/ispfpga/mg5a00/data"  -p "C:/Users/reeve/git/EEE5117,8Z/Projects/Counter/impl1" -p "C:/Users/reeve/git/EEE5117,8Z/Projects/Counter"  "Counter_impl1.ngo" "Counter_impl1.ngd"  	
ngdbuild:  version Diamond (64-bit) 3.12.0.240.2

Copyright (c) 1991-1994 by NeoCAD Inc. All rights reserved.
Copyright (c) 1995 AT&T Corp.   All rights reserved.
Copyright (c) 1995-2001 Lucent Technologies Inc.  All rights reserved.
Copyright (c) 2001 Agere Systems   All rights reserved.
Copyright (c) 2002-2020 Lattice Semiconductor Corporation,  All rights reserved.
Reading 'Counter_impl1.ngo' ...
Loading NGL library 'C:/lscc/diamond/3.12/ispfpga/mg5a00/data/mg5alib.ngl'...
Loading NGL library 'C:/lscc/diamond/3.12/ispfpga/ep5a00/data/ep5alib.ngl'...
Loading NGL library 'C:/lscc/diamond/3.12/ispfpga/ep5g00/data/ep5glib.ngl'...
Loading NGL library 'C:/lscc/diamond/3.12/ispfpga/or5g00/data/orc5glib.ngl'...


Running DRC...

DRC complete with no errors or warnings

Design Results:
    169 blocks expanded
Complete the first expansion.
Writing 'Counter_impl1.ngd' ...
Total CPU Time: 0 secs 
Total REAL Time: 0 secs 
Peak Memory Usage: 18 MB


map -a "LatticeXP2" -p LFXP2-5E -t TQFP144 -s 6 -oc Commercial   "Counter_impl1.ngd" -o "Counter_impl1_map.ncd" -pr "Counter_impl1.prf" -mp "Counter_impl1.mrp" -lpf "C:/Users/reeve/git/EEE5117,8Z/Projects/Counter/impl1/Counter_impl1_synplify.lpf" -lpf "C:/Users/reeve/git/EEE5117,8Z/Projects/Counter/Counter.lpf"             
map:  version Diamond (64-bit) 3.12.0.240.2

Copyright (c) 1991-1994 by NeoCAD Inc. All rights reserved.
Copyright (c) 1995 AT&T Corp.   All rights reserved.
Copyright (c) 1995-2001 Lucent Technologies Inc.  All rights reserved.
Copyright (c) 2001 Agere Systems   All rights reserved.
Copyright (c) 2002-2020 Lattice Semiconductor Corporation,  All rights reserved.
   Process the file: Counter_impl1.ngd
   Picdevice="LFXP2-5E"

   Pictype="TQFP144"

   Picspeed=6

   Remove unused logic

   Do not produce over sized NCDs.

Part used: LFXP2-5ETQFP144, Performance used: 6.

Loading device for application map from file 'mg5a26x29.nph' in environment: C:/lscc/diamond/3.12/ispfpga.
Package Status:                     Final          Version 1.42.

Running general design DRC...

Removing unused logic...

Optimizing...

94 CCU2 constant inputs absorbed.




Design Summary:
   Number of registers:     70 out of  3864 (2%)
      PFU registers:           68 out of  3564 (2%)
      PIO registers:            2 out of   300 (1%)
   Number of SLICEs:        61 out of  2376 (3%)
      SLICEs as Logic/ROM:     61 out of  2376 (3%)
      SLICEs as RAM:            0 out of   405 (0%)
      SLICEs as Carry:         22 out of  2376 (1%)
   Number of LUT4s:        103 out of  4752 (2%)
      Number used as logic LUTs:         59
      Number used as distributed RAM:     0
      Number used as ripple logic:       44
      Number used as shift registers:     0
   Number of PIO sites used: 12 out of 100 (12%)
   Number of PIO FIXEDDELAY:    0
   Number of DQSDLLs:  0 out of 2 (0%)
   Number of PLLs:  0 out of 2 (0%)
   Number of block RAMs:  0 out of 9 (0%)
   Number of CLKDIVs:  0 out of 2 (0%)
   Number of GSRs:  0 out of 1 (0%)
   JTAG used :      No
   Readback used :  No
   Oscillator used :  No
   Startup used :   No
   Notes:-
      1. Total number of LUT4s = (Number of logic LUT4s) + 2*(Number of distributed RAMs) + 2*(Number of ripple logic)
      2. Number of logic LUT4s does not include count of distributed RAM and ripple logic.

   Number Of Mapped DSP Components:
   --------------------------------
   MULT36X36B          0
   MULT18X18B          0
   MULT18X18MACB       0
   MULT18X18ADDSUBB    0
   MULT18X18ADDSUBSUMB 0
   MULT9X9B            0
   MULT9X9ADDSUBB      0
   MULT9X9ADDSUBSUMB   0
   --------------------------------
   Number of Used DSP Sites:  0 out of 24 (0 %)
   Number of clocks:  1
     Net ipClk_c: 43 loads, 43 rising, 0 falling (Driver: PIO ipClk )
   Number of Clock Enables:  4
     Net UART_Inst.opTxBusy_1_sqmuxa_i: 2 loads, 1 LSLICEs
     Net UART_TxData17: 4 loads, 4 LSLICEs
     Net UART_Inst/opRxData_1_sqmuxa: 5 loads, 5 LSLICEs
     Net un1_UART_TxData17: 1 loads, 1 LSLICEs
   Number of LSRs:  4
     Net ipReset_c: 17 loads, 17 LSLICEs
     Net UART_Inst.opTx_0_sqmuxa: 1 loads, 0 LSLICEs
     Net UART_Inst/opRxValid_0_sqmuxa: 1 loads, 1 LSLICEs
     Net UART_Inst/ClkBaud: 4 loads, 4 LSLICEs
   Number of nets driven by tri-state buffers:  0
   Top 10 highest fanout non-clock nets:
     Net VCC: 31 loads
     Net ipReset_c: 28 loads
     Net UART_Inst/ClkBaud: 14 loads
     Net UART_Inst/CO0: 13 loads
     Net UART_Inst/VCC: 10 loads
     Net UART_Inst/ANB1: 8 loads
     Net UART_Inst/ANB2: 7 loads
     Net UART_Inst/ANB3: 6 loads
     Net UART_Inst/UART_RxData[3]: 6 loads
     Net UART_Inst/UART_RxData[4]: 6 loads
 

   Number of warnings:  0
   Number of errors:    0



Total CPU Time: 0 secs  
Total REAL Time: 0 secs  
Peak Memory Usage: 59 MB

Dumping design to file Counter_impl1_map.ncd.

trce -f "Counter_impl1.mt" -o "Counter_impl1.tw1" "Counter_impl1_map.ncd" "Counter_impl1.prf"
trce:  version Diamond (64-bit) 3.12.0.240.2

Copyright (c) 1991-1994 by NeoCAD Inc. All rights reserved.
Copyright (c) 1995 AT&T Corp.   All rights reserved.
Copyright (c) 1995-2001 Lucent Technologies Inc.  All rights reserved.
Copyright (c) 2001 Agere Systems   All rights reserved.
Copyright (c) 2002-2020 Lattice Semiconductor Corporation,  All rights reserved.

Loading design for application trce from file counter_impl1_map.ncd.
Design name: Counter
NCD version: 3.3
Vendor:      LATTICE
Device:      LFXP2-5E
Package:     TQFP144
Performance: 6
Loading device for application trce from file 'mg5a26x29.nph' in environment: C:/lscc/diamond/3.12/ispfpga.
Package Status:                     Final          Version 1.42.
Performance Hardware Data Status:   Final          Version 11.5.
Setup and Hold Report

--------------------------------------------------------------------------------
Lattice TRACE Report - Setup, Version Diamond (64-bit) 3.12.0.240.2
Fri Apr 29 13:14:17 2022

Copyright (c) 1991-1994 by NeoCAD Inc. All rights reserved.
Copyright (c) 1995 AT&T Corp.   All rights reserved.
Copyright (c) 1995-2001 Lucent Technologies Inc.  All rights reserved.
Copyright (c) 2001 Agere Systems   All rights reserved.
Copyright (c) 2002-2020 Lattice Semiconductor Corporation,  All rights reserved.

Report Information
------------------
Command line:    trce -v 1 -c -u 0 -gt -mapchkpnt 0 -sethld -o Counter_impl1.tw1 -gui -msgset C:/Users/reeve/git/EEE5117,8Z/Projects/Counter/promote.xml Counter_impl1_map.ncd Counter_impl1.prf 
Design file:     counter_impl1_map.ncd
Preference file: counter_impl1.prf
Device,speed:    LFXP2-5E,6
Report level:    verbose report, limited to 1 item per preference
--------------------------------------------------------------------------------

BLOCK ASYNCPATHS
BLOCK RESETPATHS
--------------------------------------------------------------------------------



Timing summary (Setup):
---------------

Timing errors: 0  Score: 0
Cumulative negative slack: 0

Constraints cover 1118 paths, 1 nets, and 413 connections (91.57% coverage)

--------------------------------------------------------------------------------
Lattice TRACE Report - Hold, Version Diamond (64-bit) 3.12.0.240.2
Fri Apr 29 13:14:17 2022

Copyright (c) 1991-1994 by NeoCAD Inc. All rights reserved.
Copyright (c) 1995 AT&T Corp.   All rights reserved.
Copyright (c) 1995-2001 Lucent Technologies Inc.  All rights reserved.
Copyright (c) 2001 Agere Systems   All rights reserved.
Copyright (c) 2002-2020 Lattice Semiconductor Corporation,  All rights reserved.

Report Information
------------------
Command line:    trce -v 1 -c -u 0 -gt -mapchkpnt 0 -sethld -o Counter_impl1.tw1 -gui -msgset C:/Users/reeve/git/EEE5117,8Z/Projects/Counter/promote.xml Counter_impl1_map.ncd Counter_impl1.prf 
Design file:     counter_impl1_map.ncd
Preference file: counter_impl1.prf
Device,speed:    LFXP2-5E,M
Report level:    verbose report, limited to 1 item per preference
--------------------------------------------------------------------------------

BLOCK ASYNCPATHS
BLOCK RESETPATHS
--------------------------------------------------------------------------------



Timing summary (Hold):
---------------

Timing errors: 0  Score: 0
Cumulative negative slack: 0

Constraints cover 1118 paths, 1 nets, and 413 connections (91.57% coverage)



Timing summary (Setup and Hold):
---------------

Timing errors: 0 (setup), 0 (hold)
Score: 0 (setup), 0 (hold)
Cumulative negative slack: 0 (0+0)
--------------------------------------------------------------------------------

--------------------------------------------------------------------------------

Total CPU Time: 1 secs 
Total REAL Time: 2 secs 
Peak Memory Usage: 154 MB


mpartrce -p "Counter_impl1.p2t" -f "Counter_impl1.p3t" -tf "Counter_impl1.pt" "Counter_impl1_map.ncd" "Counter_impl1.ncd"

---- MParTrce Tool ----
Removing old design directory at request of -rem command line option to this program.
Running par. Please wait . . .

Lattice Place and Route Report for Design "Counter_impl1_map.ncd"
Fri Apr 29 13:14:18 2022

PAR: Place And Route Diamond (64-bit) 3.12.0.240.2.
Command Line: par -w -l 5 -i 6 -t 1 -c 0 -e 0 -gui -msgset C:/Users/reeve/git/EEE5117,8Z/Projects/Counter/promote.xml -exp parUseNBR=1:parCDP=auto:parCDR=1:parPathBased=OFF:parASE=1 Counter_impl1_map.ncd Counter_impl1.dir/5_1.ncd Counter_impl1.prf
Preference file: Counter_impl1.prf.
Placement level-cost: 5-1.
Routing Iterations: 6

Loading design for application par from file Counter_impl1_map.ncd.
Design name: Counter
NCD version: 3.3
Vendor:      LATTICE
Device:      LFXP2-5E
Package:     TQFP144
Performance: 6
Loading device for application par from file 'mg5a26x29.nph' in environment: C:/lscc/diamond/3.12/ispfpga.
Package Status:                     Final          Version 1.42.
Performance Hardware Data Status:   Final          Version 11.5.
License checked out.


Ignore Preference Error(s):  True
Device utilization summary:

   IOLOGIC            2/196           1% used
   PIO (prelim)      12/174           6% used
                     12/100          12% bonded
   SLICE             61/2376          2% used



Number of Signals: 190
Number of Connections: 451

Pin Constraint Summary:
   10 out of 12 pins locked (83% locked).

The following 1 signal is selected to use the primary clock routing resources:
    ipClk_c (driver: ipClk, clk load #: 43)

No signal is selected as DCS clock.

No signal is selected as secondary clock.

No signal is selected as Global Set/Reset.
.
Starting Placer Phase 0.
............
Finished Placer Phase 0.  REAL time: 0 secs 

Starting Placer Phase 1.
..................
Placer score = 11038.
Finished Placer Phase 1.  REAL time: 11 secs 

Starting Placer Phase 2.
.
Placer score =  10922
Finished Placer Phase 2.  REAL time: 11 secs 


------------------ Clock Report ------------------

Global Clock Resources:
  CLK_PIN    : 1 out of 8 (12%)
  PLL        : 0 out of 2 (0%)
  CLKDIV     : 0 out of 2 (0%)

Global Clocks:
  PRIMARY "ipClk_c" from comp "ipClk" on CLK_PIN site "21 (PL12A)", clk load = 43

  PRIMARY  : 1 out of 8 (12%)
     DCS   : 0 out of 2 (0%)
  SECONDARY: 0 out of 4 (0%)

Edge Clocks:
  No edge clock selected

--------------- End of Clock Report ---------------


I/O Usage Summary (final):
   12 out of 174 (6.9%) PIO sites used.
   12 out of 100 (12.0%) bonded PIO sites used.
   Number of PIO comps: 12; differential: 0.
   Number of Vref pins used: 0.

I/O Bank Usage Summary:
+----------+---------------+------------+------------+------------+
| I/O Bank | Usage         | Bank Vccio | Bank Vref1 | Bank Vref2 |
+----------+---------------+------------+------------+------------+
| 0        | 0 / 20 (  0%) | -          | -          | -          |
| 1        | 0 / 6 (  0%)  | -          | -          | -          |
| 2        | 0 / 18 (  0%) | -          | -          | -          |
| 3        | 0 / 4 (  0%)  | -          | -          | -          |
| 4        | 0 / 8 (  0%)  | -          | -          | -          |
| 5        | 8 / 18 ( 44%) | 3.3V       | -          | -          |
| 6        | 2 / 8 ( 25%)  | 2.5V       | -          | -          |
| 7        | 2 / 18 ( 11%) | -          | -          | -          |
+----------+---------------+------------+------------+------------+


DSP Utilization Summary:
-------------------------------------
DSP Block #:              1 2 3
# of MULT36X36B                
# of MULT18X18B                
# of MULT18X18MACB             
# of MULT18X18ADDSUBB          
# of MULT18X18ADDSUBSUMB       
# of MULT9X9B                  
# of MULT9X9ADDSUBB            
# of MULT9X9ADDSUBSUMB         

Total placer CPU time: 10 secs 

Dumping design to file Counter_impl1.dir/5_1.ncd.

0 connections routed; 451 unrouted.
Starting router resource preassignment

Completed router resource preassignment. Real time: 12 secs 

Start NBR router at 13:14:30 04/29/22

*****************************************************************
Info: NBR allows conflicts(one node used by more than one signal)
      in the earlier iterations. In each iteration, it tries to  
      solve the conflicts while keeping the critical connections 
      routed as short as possible. The routing process is said to
      be completed when no conflicts exist and all connections   
      are routed.                                                
Note: NBR uses a different method to calculate timing slacks. The
      worst slack and total negative slack may not be the same as
      that in TRCE report. You should always run TRCE to verify  
      your design.                                               
*****************************************************************

Start NBR special constraint process at 13:14:30 04/29/22

Start NBR section for initial routing at 13:14:30 04/29/22
Level 4, iteration 1
9(0.00%) conflicts; 0(0.00%) untouched conn; 0 (nbr) score; 
Estimated worst slack/total negative slack<setup>: 14.566ns/0.000ns; real time: 12 secs 

Info: Initial congestion level at 75% usage is 0
Info: Initial congestion area  at 75% usage is 0 (0.00%)

Start NBR section for normal routing at 13:14:30 04/29/22
Level 4, iteration 1
4(0.00%) conflicts; 0(0.00%) untouched conn; 0 (nbr) score; 
Estimated worst slack/total negative slack<setup>: 14.566ns/0.000ns; real time: 12 secs 
Level 4, iteration 2
1(0.00%) conflict; 0(0.00%) untouched conn; 0 (nbr) score; 
Estimated worst slack/total negative slack<setup>: 14.566ns/0.000ns; real time: 12 secs 
Level 4, iteration 3
0(0.00%) conflict; 0(0.00%) untouched conn; 0 (nbr) score; 
Estimated worst slack/total negative slack<setup>: 14.566ns/0.000ns; real time: 12 secs 

Start NBR section for setup/hold timing optimization with effort level 3 at 13:14:30 04/29/22

Start NBR section for re-routing at 13:14:31 04/29/22
Level 4, iteration 1
0(0.00%) conflict; 0(0.00%) untouched conn; 0 (nbr) score; 
Estimated worst slack/total negative slack<setup>: 14.566ns/0.000ns; real time: 13 secs 

Start NBR section for post-routing at 13:14:31 04/29/22

End NBR router with 0 unrouted connection

NBR Summary
-----------
  Number of unrouted connections : 0 (0.00%)
  Number of connections with timing violations : 0 (0.00%)
  Estimated worst slack<setup> : 14.566ns
  Timing score<setup> : 0
-----------
Notes: The timing info is calculated for SETUP only and all PAR_ADJs are ignored.



Total CPU time 12 secs 
Total REAL time: 13 secs 
Completely routed.
End of route.  451 routed (100.00%); 0 unrouted.

Hold time timing score: 0, hold timing errors: 0

Timing score: 0 

Dumping design to file Counter_impl1.dir/5_1.ncd.


PAR_SUMMARY::Run status = Completed
PAR_SUMMARY::Number of unrouted conns = 0
PAR_SUMMARY::Worst  slack<setup/<ns>> = 14.566
PAR_SUMMARY::Timing score<setup/<ns>> = 0.000
PAR_SUMMARY::Worst  slack<hold /<ns>> = 0.175
PAR_SUMMARY::Timing score<hold /<ns>> = 0.000
PAR_SUMMARY::Number of errors = 0

Total CPU  time to completion: 13 secs 
Total REAL time to completion: 14 secs 

par done!

Note: user must run 'Trace' for timing closure signoff.

Copyright (c) 1991-1994 by NeoCAD Inc. All rights reserved.
Copyright (c) 1995 AT&T Corp.   All rights reserved.
Copyright (c) 1995-2001 Lucent Technologies Inc.  All rights reserved.
Copyright (c) 2001 Agere Systems   All rights reserved.
Copyright (c) 2002-2020 Lattice Semiconductor Corporation,  All rights reserved.
Exiting par with exit code 0
Exiting mpartrce with exit code 0

trce -f "Counter_impl1.pt" -o "Counter_impl1.twr" "Counter_impl1.ncd" "Counter_impl1.prf"
trce:  version Diamond (64-bit) 3.12.0.240.2

Copyright (c) 1991-1994 by NeoCAD Inc. All rights reserved.
Copyright (c) 1995 AT&T Corp.   All rights reserved.
Copyright (c) 1995-2001 Lucent Technologies Inc.  All rights reserved.
Copyright (c) 2001 Agere Systems   All rights reserved.
Copyright (c) 2002-2020 Lattice Semiconductor Corporation,  All rights reserved.

Loading design for application trce from file counter_impl1.ncd.
Design name: Counter
NCD version: 3.3
Vendor:      LATTICE
Device:      LFXP2-5E
Package:     TQFP144
Performance: 6
Loading device for application trce from file 'mg5a26x29.nph' in environment: C:/lscc/diamond/3.12/ispfpga.
Package Status:                     Final          Version 1.42.
Performance Hardware Data Status:   Final          Version 11.5.
Setup and Hold Report

--------------------------------------------------------------------------------
Lattice TRACE Report - Setup, Version Diamond (64-bit) 3.12.0.240.2
Fri Apr 29 13:14:33 2022

Copyright (c) 1991-1994 by NeoCAD Inc. All rights reserved.
Copyright (c) 1995 AT&T Corp.   All rights reserved.
Copyright (c) 1995-2001 Lucent Technologies Inc.  All rights reserved.
Copyright (c) 2001 Agere Systems   All rights reserved.
Copyright (c) 2002-2020 Lattice Semiconductor Corporation,  All rights reserved.

Report Information
------------------
Command line:    trce -v 10 -gt -sethld -sp 6 -sphld m -o Counter_impl1.twr -gui -msgset C:/Users/reeve/git/EEE5117,8Z/Projects/Counter/promote.xml Counter_impl1.ncd Counter_impl1.prf 
Design file:     counter_impl1.ncd
Preference file: counter_impl1.prf
Device,speed:    LFXP2-5E,6
Report level:    verbose report, limited to 10 items per preference
--------------------------------------------------------------------------------

BLOCK ASYNCPATHS
BLOCK RESETPATHS
--------------------------------------------------------------------------------



Timing summary (Setup):
---------------

Timing errors: 0  Score: 0
Cumulative negative slack: 0

Constraints cover 1118 paths, 1 nets, and 413 connections (91.57% coverage)

--------------------------------------------------------------------------------
Lattice TRACE Report - Hold, Version Diamond (64-bit) 3.12.0.240.2
Fri Apr 29 13:14:33 2022

Copyright (c) 1991-1994 by NeoCAD Inc. All rights reserved.
Copyright (c) 1995 AT&T Corp.   All rights reserved.
Copyright (c) 1995-2001 Lucent Technologies Inc.  All rights reserved.
Copyright (c) 2001 Agere Systems   All rights reserved.
Copyright (c) 2002-2020 Lattice Semiconductor Corporation,  All rights reserved.

Report Information
------------------
Command line:    trce -v 10 -gt -sethld -sp 6 -sphld m -o Counter_impl1.twr -gui -msgset C:/Users/reeve/git/EEE5117,8Z/Projects/Counter/promote.xml Counter_impl1.ncd Counter_impl1.prf 
Design file:     counter_impl1.ncd
Preference file: counter_impl1.prf
Device,speed:    LFXP2-5E,m
Report level:    verbose report, limited to 10 items per preference
--------------------------------------------------------------------------------

BLOCK ASYNCPATHS
BLOCK RESETPATHS
--------------------------------------------------------------------------------



Timing summary (Hold):
---------------

Timing errors: 0  Score: 0
Cumulative negative slack: 0

Constraints cover 1118 paths, 1 nets, and 413 connections (91.57% coverage)



Timing summary (Setup and Hold):
---------------

Timing errors: 0 (setup), 0 (hold)
Score: 0 (setup), 0 (hold)
Cumulative negative slack: 0 (0+0)
--------------------------------------------------------------------------------

--------------------------------------------------------------------------------

Total CPU Time: 1 secs 
Total REAL Time: 2 secs 
Peak Memory Usage: 153 MB


iotiming  "Counter_impl1.ncd" "Counter_impl1.prf"
I/O Timing Report:
:  version Diamond (64-bit) 3.12.0.240.2

Copyright (c) 1991-1994 by NeoCAD Inc. All rights reserved.
Copyright (c) 1995 AT&T Corp.   All rights reserved.
Copyright (c) 1995-2001 Lucent Technologies Inc.  All rights reserved.
Copyright (c) 2001 Agere Systems   All rights reserved.
Copyright (c) 2002-2020 Lattice Semiconductor Corporation,  All rights reserved.

Loading design for application iotiming from file counter_impl1.ncd.
Design name: Counter
NCD version: 3.3
Vendor:      LATTICE
Device:      LFXP2-5E
Package:     TQFP144
Performance: 6
Loading device for application iotiming from file 'mg5a26x29.nph' in environment: C:/lscc/diamond/3.12/ispfpga.
Package Status:                     Final          Version 1.42.
Performance Hardware Data Status:   Final          Version 11.5.
Running Performance Grade: 6
Computing Setup Time ...
Computing Max Clock to Output Delay ...
Computing Hold Time ...
Computing Min Clock to Output Delay ...

Loading design for application iotiming from file counter_impl1.ncd.
Design name: Counter
NCD version: 3.3
Vendor:      LATTICE
Device:      LFXP2-5E
Package:     TQFP144
Performance: 7
Package Status:                     Final          Version 1.42.
Performance Hardware Data Status:   Final          Version 11.5.
Running Performance Grade: 7
Computing Setup Time ...
Computing Max Clock to Output Delay ...
Computing Hold Time ...
Computing Min Clock to Output Delay ...

Loading design for application iotiming from file counter_impl1.ncd.
Design name: Counter
NCD version: 3.3
Vendor:      LATTICE
Device:      LFXP2-5E
Package:     TQFP144
Performance: M
Package Status:                     Final          Version 1.42.
Performance Hardware Data Status:   Final          Version 11.5.
Running Performance Grade: M
Computing Setup Time ...
Computing Max Clock to Output Delay ...
Computing Hold Time ...
Computing Min Clock to Output Delay ...
Done.

tmcheck -par "Counter_impl1.par" 

bitgen -f "Counter_impl1.t2b" -w "Counter_impl1.ncd" -jedec -e -s "C:/Users/reeve/git/EEE5117,8Z/Projects/Counter/Counter.sec" -k "C:/Users/reeve/git/EEE5117,8Z/Projects/Counter/Counter.bek" "Counter_impl1.prf"


BITGEN: Bitstream Generator Diamond (64-bit) 3.12.0.240.2
Copyright (c) 1991-1994 by NeoCAD Inc. All rights reserved.
Copyright (c) 1995 AT&T Corp.   All rights reserved.
Copyright (c) 1995-2001 Lucent Technologies Inc.  All rights reserved.
Copyright (c) 2001 Agere Systems   All rights reserved.
Copyright (c) 2002-2020 Lattice Semiconductor Corporation,  All rights reserved.


Loading design for application Bitgen from file Counter_impl1.ncd.
Design name: Counter
NCD version: 3.3
Vendor:      LATTICE
Device:      LFXP2-5E
Package:     TQFP144
Performance: 6
Loading device for application Bitgen from file 'mg5a26x29.nph' in environment: C:/lscc/diamond/3.12/ispfpga.
Package Status:                     Final          Version 1.42.
Performance Hardware Data Status:   Final          Version 11.5.

Running DRC.
DRC detected 0 errors and 0 warnings.
Reading Preference File from Counter_impl1.prf.

Preference Summary:
+---------------------------------+---------------------------------+
|  Preference                     |  Current Setting                |
+---------------------------------+---------------------------------+
|                         RamCfg  |                        Reset**  |
+---------------------------------+---------------------------------+
|                        DONE_EX  |                          OFF**  |
+---------------------------------+---------------------------------+
|                        DONE_OD  |                           ON**  |
+---------------------------------+---------------------------------+
|                  CONFIG_SECURE  |                          OFF**  |
+---------------------------------+---------------------------------+
|                        WAKE_UP  |                           21**  |
+---------------------------------+---------------------------------+
|                   WAKE_ON_LOCK  |                          OFF**  |
+---------------------------------+---------------------------------+
|                          INBUF  |                           ON**  |
+---------------------------------+---------------------------------+
|                     TAG_MEMORY  |                       NORMAL**  |
+---------------------------------+---------------------------------+
|                        MY_ASSP  |                          OFF**  |
+---------------------------------+---------------------------------+
|               ONE_TIME_PROGRAM  |                          OFF**  |
+---------------------------------+---------------------------------+
|                 SLAVE_SPI_PORT  |                      DISABLE**  |
+---------------------------------+---------------------------------+
|                MASTER_SPI_PORT  |                      DISABLE**  |
+---------------------------------+---------------------------------+
|                     DisableUES  |                        FALSE**  |
+---------------------------------+---------------------------------+
 *  Default setting.
 ** The specified setting matches the default setting.


Creating bit map...
Saving bit stream in "Counter_impl1.jed".
Total CPU Time: 3 secs 
Total REAL Time: 3 secs 
Peak Memory Usage: 276 MB
