
           Lattice Mapping Report File for Design Module 'Counter'


Design Information
------------------

Command line:   map -a LatticeXP2 -p LFXP2-5E -t TQFP144 -s 6 -oc Commercial
     Counter_impl1.ngd -o Counter_impl1_map.ncd -pr Counter_impl1.prf -mp
     Counter_impl1.mrp -lpf C:/Users/reeve/git/EEE5117,8Z/Projects/Counter/impl1
     /Counter_impl1_synplify.lpf -lpf
     C:/Users/reeve/git/EEE5117,8Z/Projects/Counter/Counter.lpf -gui 
Target Vendor:  LATTICE
Target Device:  LFXP2-5ETQFP144
Target Performance:   6
Mapper:  mg5a00,  version:  Diamond (64-bit) 3.12.0.240.2
Mapped on:  04/27/22  15:33:52

Design Summary
--------------

   Number of registers:     31 out of  3864 (1%)
      PFU registers:           31 out of  3564 (1%)
      PIO registers:            0 out of   300 (0%)
   Number of SLICEs:        17 out of  2376 (1%)
      SLICEs as Logic/ROM:     17 out of  2376 (1%)
      SLICEs as RAM:            0 out of   405 (0%)
      SLICEs as Carry:         16 out of  2376 (1%)
   Number of LUT4s:         33 out of  4752 (1%)
      Number used as logic LUTs:          1
      Number used as distributed RAM:     0
      Number used as ripple logic:       32
      Number used as shift registers:     0
   Number of PIO sites used: 9 out of 100 (9%)
   Number of PIO FIXEDDELAY:    0
   Number of DQSDLLs:  0 out of 2 (0%)
   Number of PLLs:  0 out of 2 (0%)
   Number of block RAMs:  0 out of 9 (0%)
   Number of CLKDIVs:  0 out of 2 (0%)
   Number of GSRs:  0 out of 1 (0%)
   JTAG used :      No
   Readback used :  No
   Oscillator used :  No
   Startup used :   No
   Notes:-
      1. Total number of LUT4s = (Number of logic LUT4s) + 2*(Number of
     distributed RAMs) + 2*(Number of ripple logic)
      2. Number of logic LUT4s does not include count of distributed RAM and
     ripple logic.

        Number Of Mapped DSP Components:
   --------------------------------
   MULT36X36B          0
   MULT18X18B          0
   MULT18X18MACB       0
   MULT18X18ADDSUBB    0
   MULT18X18ADDSUBSUMB 0
   MULT9X9B            0
   MULT9X9ADDSUBB      0
   MULT9X9ADDSUBSUMB   0
   --------------------------------
   Number of Used DSP Sites:  0 out of 24 (0 %)

                                    Page 1




Design:  Counter                                       Date:  04/27/22  15:33:52

Design Summary (cont)
---------------------
   Number of clocks:  1
     Net ipClk_c: 16 loads, 16 rising, 0 falling (Driver: PIO ipClk )
   Number of Clock Enables:  0
   Number of LSRs:  0
   Number of nets driven by tri-state buffers:  0
   Top 10 highest fanout non-clock nets:
     Net VCC: 31 loads
     Net opLED_c[0]: 2 loads
     Net opLED_c[1]: 2 loads
     Net opLED_c[2]: 2 loads
     Net opLED_c[3]: 2 loads
     Net opLED_c[4]: 2 loads
     Net opLED_c[5]: 2 loads
     Net opLED_c[6]: 2 loads
     Net opLED_c[7]: 2 loads
     Net Count[0]: 1 loads




   Number of warnings:  18
   Number of errors:    0
     

Design Errors/Warnings
----------------------

WARNING - map: C:/Users/reeve/git/EEE5117,8Z/Projects/Counter/Counter.lpf(3):
     Semantic error in "LOCATE COMP "Clk" SITE "21" ;": COMP "Clk" cannot be
     found in design. This preference has been disabled.
WARNING - map: C:/Users/reeve/git/EEE5117,8Z/Projects/Counter/Counter.lpf(4):
     Semantic error in "LOCATE COMP "LED[0]" SITE "46" ;": COMP "LED[0]" cannot
     be found in design. This preference has been disabled.
WARNING - map: C:/Users/reeve/git/EEE5117,8Z/Projects/Counter/Counter.lpf(5):
     Semantic error in "LOCATE COMP "LED[1]" SITE "45" ;": COMP "LED[1]" cannot
     be found in design. This preference has been disabled.
WARNING - map: C:/Users/reeve/git/EEE5117,8Z/Projects/Counter/Counter.lpf(6):
     Semantic error in "LOCATE COMP "LED[2]" SITE "44" ;": COMP "LED[2]" cannot
     be found in design. This preference has been disabled.
WARNING - map: C:/Users/reeve/git/EEE5117,8Z/Projects/Counter/Counter.lpf(7):
     Semantic error in "LOCATE COMP "LED[3]" SITE "43" ;": COMP "LED[3]" cannot
     be found in design. This preference has been disabled.
WARNING - map: C:/Users/reeve/git/EEE5117,8Z/Projects/Counter/Counter.lpf(8):
     Semantic error in "LOCATE COMP "LED[4]" SITE "40" ;": COMP "LED[4]" cannot
     be found in design. This preference has been disabled.
WARNING - map: C:/Users/reeve/git/EEE5117,8Z/Projects/Counter/Counter.lpf(9):
     Semantic error in "LOCATE COMP "LED[5]" SITE "39" ;": COMP "LED[5]" cannot
     be found in design. This preference has been disabled.
WARNING - map: C:/Users/reeve/git/EEE5117,8Z/Projects/Counter/Counter.lpf(10):
     Semantic error in "LOCATE COMP "LED[6]" SITE "38" ;": COMP "LED[6]" cannot
     be found in design. This preference has been disabled.
WARNING - map: C:/Users/reeve/git/EEE5117,8Z/Projects/Counter/Counter.lpf(11):
     Semantic error in "LOCATE COMP "LED[7]" SITE "37" ;": COMP "LED[7]" cannot
     be found in design. This preference has been disabled.
WARNING - map: C:/Users/reeve/git/EEE5117,8Z/Projects/Counter/Counter.lpf(12):
     Semantic error in "IOBUF PORT "Clk" IO_TYPE=LVCMOS33 ;": Port "Clk" does

                                    Page 2




Design:  Counter                                       Date:  04/27/22  15:33:52

Design Errors/Warnings (cont)
-----------------------------
     not exist in the design. This preference has been disabled.
WARNING - map: C:/Users/reeve/git/EEE5117,8Z/Projects/Counter/Counter.lpf(13):
     Semantic error in "IOBUF PORT "LED[0]" IO_TYPE=LVCMOS33 ;": Port "LED[0]"
     does not exist in the design. This preference has been disabled.
WARNING - map: C:/Users/reeve/git/EEE5117,8Z/Projects/Counter/Counter.lpf(14):
     Semantic error in "IOBUF PORT "LED[1]" IO_TYPE=LVCMOS33 ;": Port "LED[1]"
     does not exist in the design. This preference has been disabled.
WARNING - map: C:/Users/reeve/git/EEE5117,8Z/Projects/Counter/Counter.lpf(15):
     Semantic error in "IOBUF PORT "LED[2]" IO_TYPE=LVCMOS33 ;": Port "LED[2]"
     does not exist in the design. This preference has been disabled.
WARNING - map: C:/Users/reeve/git/EEE5117,8Z/Projects/Counter/Counter.lpf(16):
     Semantic error in "IOBUF PORT "LED[3]" IO_TYPE=LVCMOS33 ;": Port "LED[3]"
     does not exist in the design. This preference has been disabled.
WARNING - map: C:/Users/reeve/git/EEE5117,8Z/Projects/Counter/Counter.lpf(17):
     Semantic error in "IOBUF PORT "LED[4]" IO_TYPE=LVCMOS33 ;": Port "LED[4]"
     does not exist in the design. This preference has been disabled.
WARNING - map: C:/Users/reeve/git/EEE5117,8Z/Projects/Counter/Counter.lpf(18):
     Semantic error in "IOBUF PORT "LED[5]" IO_TYPE=LVCMOS33 ;": Port "LED[5]"
     does not exist in the design. This preference has been disabled.
WARNING - map: C:/Users/reeve/git/EEE5117,8Z/Projects/Counter/Counter.lpf(19):
     Semantic error in "IOBUF PORT "LED[6]" IO_TYPE=LVCMOS33 ;": Port "LED[6]"
     does not exist in the design. This preference has been disabled.
WARNING - map: C:/Users/reeve/git/EEE5117,8Z/Projects/Counter/Counter.lpf(20):
     Semantic error in "IOBUF PORT "LED[7]" IO_TYPE=LVCMOS33 ;": Port "LED[7]"
     does not exist in the design. This preference has been disabled.

IO (PIO) Attributes
-------------------

+---------------------+-----------+-----------+------------+------------+
| IO Name             | Direction | Levelmode | IO         | FIXEDDELAY |
|                     |           |  IO_TYPE  | Register   |            |
+---------------------+-----------+-----------+------------+------------+
| opLED[0]            | OUTPUT    | LVCMOS25  |            |            |
+---------------------+-----------+-----------+------------+------------+
| ipClk               | INPUT     | LVCMOS25  |            |            |
+---------------------+-----------+-----------+------------+------------+
| opLED[7]            | OUTPUT    | LVCMOS25  |            |            |
+---------------------+-----------+-----------+------------+------------+
| opLED[6]            | OUTPUT    | LVCMOS25  |            |            |
+---------------------+-----------+-----------+------------+------------+
| opLED[5]            | OUTPUT    | LVCMOS25  |            |            |
+---------------------+-----------+-----------+------------+------------+
| opLED[4]            | OUTPUT    | LVCMOS25  |            |            |
+---------------------+-----------+-----------+------------+------------+
| opLED[3]            | OUTPUT    | LVCMOS25  |            |            |
+---------------------+-----------+-----------+------------+------------+
| opLED[2]            | OUTPUT    | LVCMOS25  |            |            |
+---------------------+-----------+-----------+------------+------------+
| opLED[1]            | OUTPUT    | LVCMOS25  |            |            |
+---------------------+-----------+-----------+------------+------------+

Removed logic
-------------

Block GSR_INST undriven or does not drive anything - clipped.

                                    Page 3




Design:  Counter                                       Date:  04/27/22  15:33:52

Removed logic (cont)
--------------------
Signal Count_cry_0_COUT[29] undriven or does not drive anything - clipped.
Signal Count_cry_0_S0[0] undriven or does not drive anything - clipped.
Signal N_1 undriven or does not drive anything - clipped.

Run Time and Memory Usage
-------------------------

   Total CPU Time: 0 secs  
   Total REAL Time: 0 secs  
   Peak Memory Usage: 35 MB
        














































                                    Page 4


Copyright (c) 1991-1994 by NeoCAD Inc. All rights reserved.
     Copyright (c) 1995 AT&T Corp.   All rights reserved.
     Copyright (c) 1995-2001 Lucent Technologies Inc.  All rights reserved.
     Copyright (c) 2001 Agere Systems   All rights reserved.
     Copyright (c) 2002-2020 Lattice Semiconductor Corporation,  All rights
     reserved.
